{"C:\\React\\TypeScript\\FullStack-RestAPI\\rest_api\\src\\routes.ts": {"path":"C:\\React\\TypeScript\\FullStack-RestAPI\\rest_api\\src\\routes.ts","statementMap":{"0":{"start":{"line":1,"column":0},"end":{"line":1,"column":30}},"1":{"start":{"line":2,"column":0},"end":{"line":2,"column":45}},"2":{"start":{"line":3,"column":0},"end":{"line":3,"column":129}},"3":{"start":{"line":4,"column":0},"end":{"line":4,"column":48}},"4":{"start":{"line":6,"column":15},"end":{"line":6,"column":23}},"5":{"start":{"line":9,"column":0},"end":{"line":9,"column":null}},"6":{"start":{"line":12,"column":0},"end":{"line":19,"column":null}},"7":{"start":{"line":23,"column":0},"end":{"line":38,"column":null}},"8":{"start":{"line":31,"column":21},"end":{"line":31,"column":30}},"9":{"start":{"line":40,"column":0},"end":{"line":57,"column":null}},"10":{"start":{"line":50,"column":21},"end":{"line":50,"column":30}},"11":{"start":{"line":60,"column":0},"end":{"line":64,"column":null}},"12":{"start":{"line":66,"column":0},"end":{"line":69,"column":null}},"13":{"start":{"line":71,"column":0},"end":{"line":71,"column":null}}},"fnMap":{"0":{"name":"(anonymous_0)","decl":{"start":{"line":31,"column":12},"end":{"line":31,"column":17}},"loc":{"start":{"line":31,"column":21},"end":{"line":31,"column":30}}},"1":{"name":"(anonymous_1)","decl":{"start":{"line":50,"column":12},"end":{"line":50,"column":17}},"loc":{"start":{"line":50,"column":21},"end":{"line":50,"column":30}}}},"branchMap":{},"s":{"0":2,"1":2,"2":2,"3":2,"4":2,"5":2,"6":2,"7":2,"8":4,"9":2,"10":5,"11":2,"12":2,"13":2},"f":{"0":4,"1":5},"b":{}}
,"C:\\React\\TypeScript\\FullStack-RestAPI\\rest_api\\src\\server.ts": {"path":"C:\\React\\TypeScript\\FullStack-RestAPI\\rest_api\\src\\server.ts","statementMap":{"0":{"start":{"line":7,"column":0},"end":{"line":7,"column":7}},"1":{"start":{"line":1,"column":0},"end":{"line":1,"column":30}},"2":{"start":{"line":2,"column":0},"end":{"line":2,"column":27}},"3":{"start":{"line":3,"column":0},"end":{"line":3,"column":30}},"4":{"start":{"line":4,"column":0},"end":{"line":4,"column":29}},"5":{"start":{"line":9,"column":4},"end":{"line":16,"column":5}},"6":{"start":{"line":10,"column":8},"end":{"line":10,"column":null}},"7":{"start":{"line":11,"column":8},"end":{"line":11,"column":18}},"8":{"start":{"line":14,"column":8},"end":{"line":14,"column":null}},"9":{"start":{"line":15,"column":8},"end":{"line":15,"column":null}},"10":{"start":{"line":19,"column":0},"end":{"line":19,"column":null}},"11":{"start":{"line":22,"column":15},"end":{"line":22,"column":24}},"12":{"start":{"line":25,"column":0},"end":{"line":25,"column":27}},"13":{"start":{"line":27,"column":0},"end":{"line":27,"column":32}},"14":{"start":{"line":29,"column":0},"end":{"line":31,"column":null}},"15":{"start":{"line":30,"column":4},"end":{"line":30,"column":null}},"16":{"start":{"line":34,"column":0},"end":{"line":34,"column":null}}},"fnMap":{"0":{"name":"conectDB","decl":{"start":{"line":7,"column":22},"end":{"line":7,"column":30}},"loc":{"start":{"line":7,"column":30},"end":{"line":17,"column":1}}},"1":{"name":"(anonymous_2)","decl":{"start":{"line":29,"column":19},"end":{"line":29,"column":20}},"loc":{"start":{"line":29,"column":32},"end":{"line":31,"column":1}}}},"branchMap":{},"s":{"0":2,"1":2,"2":2,"3":2,"4":2,"5":3,"6":3,"7":2,"8":1,"9":1,"10":2,"11":2,"12":2,"13":2,"14":2,"15":1,"16":2},"f":{"0":3,"1":1},"b":{}}
,"C:\\React\\TypeScript\\FullStack-RestAPI\\rest_api\\src\\config\\db.ts": {"path":"C:\\React\\TypeScript\\FullStack-RestAPI\\rest_api\\src\\config\\db.ts","statementMap":{"0":{"start":{"line":1,"column":0},"end":{"line":1,"column":46}},"1":{"start":{"line":2,"column":0},"end":{"line":2,"column":27}},"2":{"start":{"line":3,"column":0},"end":{"line":3,"column":16}},"3":{"start":{"line":7,"column":11},"end":{"line":11,"column":2}},"4":{"start":{"line":13,"column":0},"end":{"line":13,"column":null}}},"fnMap":{},"branchMap":{},"s":{"0":2,"1":2,"2":2,"3":2,"4":2},"f":{},"b":{}}
,"C:\\React\\TypeScript\\FullStack-RestAPI\\rest_api\\src\\handlers\\product.ts": {"path":"C:\\React\\TypeScript\\FullStack-RestAPI\\rest_api\\src\\handlers\\product.ts","statementMap":{"0":{"start":{"line":2,"column":0},"end":{"line":2,"column":45}},"1":{"start":{"line":5,"column":27},"end":{"line":11,"column":1}},"2":{"start":{"line":8,"column":19},"end":{"line":8,"column":42}},"3":{"start":{"line":9,"column":2},"end":{"line":9,"column":null}},"4":{"start":{"line":5,"column":13},"end":{"line":5,"column":27}},"5":{"start":{"line":13,"column":30},"end":{"line":26,"column":1}},"6":{"start":{"line":14,"column":15},"end":{"line":14,"column":28}},"7":{"start":{"line":15,"column":20},"end":{"line":15,"column":46}},"8":{"start":{"line":19,"column":4},"end":{"line":23,"column":5}},"9":{"start":{"line":20,"column":8},"end":{"line":22,"column":null}},"10":{"start":{"line":25,"column":4},"end":{"line":25,"column":null}},"11":{"start":{"line":13,"column":13},"end":{"line":13,"column":30}},"12":{"start":{"line":29,"column":29},"end":{"line":39,"column":1}},"13":{"start":{"line":31,"column":20},"end":{"line":31,"column":41}},"14":{"start":{"line":32,"column":29},"end":{"line":32,"column":49}},"15":{"start":{"line":33,"column":8},"end":{"line":33,"column":51}},"16":{"start":{"line":29,"column":13},"end":{"line":29,"column":29}},"17":{"start":{"line":42,"column":29},"end":{"line":58,"column":1}},"18":{"start":{"line":44,"column":22},"end":{"line":44,"column":35}},"19":{"start":{"line":45,"column":33},"end":{"line":45,"column":59}},"20":{"start":{"line":47,"column":11},"end":{"line":51,"column":12}},"21":{"start":{"line":48,"column":15},"end":{"line":50,"column":null}},"22":{"start":{"line":54,"column":10},"end":{"line":54,"column":47}},"23":{"start":{"line":55,"column":11},"end":{"line":55,"column":38}},"24":{"start":{"line":57,"column":11},"end":{"line":57,"column":null}},"25":{"start":{"line":42,"column":13},"end":{"line":42,"column":29}},"26":{"start":{"line":61,"column":34},"end":{"line":77,"column":1}},"27":{"start":{"line":64,"column":15},"end":{"line":64,"column":28}},"28":{"start":{"line":65,"column":26},"end":{"line":65,"column":52}},"29":{"start":{"line":67,"column":4},"end":{"line":71,"column":5}},"30":{"start":{"line":68,"column":8},"end":{"line":70,"column":null}},"31":{"start":{"line":74,"column":4},"end":{"line":74,"column":72}},"32":{"start":{"line":75,"column":4},"end":{"line":75,"column":31}},"33":{"start":{"line":76,"column":4},"end":{"line":76,"column":null}},"34":{"start":{"line":61,"column":13},"end":{"line":61,"column":34}},"35":{"start":{"line":79,"column":29},"end":{"line":94,"column":1}},"36":{"start":{"line":81,"column":15},"end":{"line":81,"column":28}},"37":{"start":{"line":82,"column":26},"end":{"line":82,"column":52}},"38":{"start":{"line":84,"column":3},"end":{"line":88,"column":4}},"39":{"start":{"line":85,"column":7},"end":{"line":87,"column":null}},"40":{"start":{"line":90,"column":3},"end":{"line":90,"column":null}},"41":{"start":{"line":91,"column":3},"end":{"line":91,"column":null}},"42":{"start":{"line":79,"column":13},"end":{"line":79,"column":29}}},"fnMap":{"0":{"name":"(anonymous_1)","decl":{"start":{"line":5,"column":27},"end":{"line":5,"column":32}},"loc":{"start":{"line":5,"column":66},"end":{"line":11,"column":1}}},"1":{"name":"(anonymous_2)","decl":{"start":{"line":13,"column":30},"end":{"line":13,"column":35}},"loc":{"start":{"line":13,"column":70},"end":{"line":26,"column":1}}},"2":{"name":"(anonymous_3)","decl":{"start":{"line":29,"column":29},"end":{"line":29,"column":34}},"loc":{"start":{"line":29,"column":68},"end":{"line":39,"column":1}}},"3":{"name":"(anonymous_4)","decl":{"start":{"line":42,"column":29},"end":{"line":42,"column":34}},"loc":{"start":{"line":42,"column":68},"end":{"line":58,"column":1}}},"4":{"name":"(anonymous_5)","decl":{"start":{"line":61,"column":34},"end":{"line":61,"column":39}},"loc":{"start":{"line":61,"column":74},"end":{"line":77,"column":1}}},"5":{"name":"(anonymous_6)","decl":{"start":{"line":79,"column":29},"end":{"line":79,"column":34}},"loc":{"start":{"line":79,"column":68},"end":{"line":94,"column":1}}}},"branchMap":{"0":{"loc":{"start":{"line":19,"column":4},"end":{"line":23,"column":5}},"type":"if","locations":[{"start":{"line":19,"column":4},"end":{"line":23,"column":5}}]},"1":{"loc":{"start":{"line":47,"column":11},"end":{"line":51,"column":12}},"type":"if","locations":[{"start":{"line":47,"column":11},"end":{"line":51,"column":12}}]},"2":{"loc":{"start":{"line":67,"column":4},"end":{"line":71,"column":5}},"type":"if","locations":[{"start":{"line":67,"column":4},"end":{"line":71,"column":5}}]},"3":{"loc":{"start":{"line":84,"column":3},"end":{"line":88,"column":4}},"type":"if","locations":[{"start":{"line":84,"column":3},"end":{"line":88,"column":4}}]}},"s":{"0":2,"1":2,"2":2,"3":2,"4":2,"5":2,"6":2,"7":2,"8":2,"9":1,"10":1,"11":2,"12":2,"13":1,"14":1,"15":1,"16":2,"17":2,"18":2,"19":2,"20":2,"21":1,"22":1,"23":1,"24":1,"25":2,"26":2,"27":2,"28":2,"29":2,"30":1,"31":1,"32":1,"33":1,"34":2,"35":2,"36":2,"37":2,"38":2,"39":1,"40":1,"41":1,"42":2},"f":{"0":2,"1":2,"2":1,"3":2,"4":2,"5":2},"b":{"0":[1],"1":[1],"2":[1],"3":[1]}}
,"C:\\React\\TypeScript\\FullStack-RestAPI\\rest_api\\src\\middleware\\index.ts": {"path":"C:\\React\\TypeScript\\FullStack-RestAPI\\rest_api\\src\\middleware\\index.ts","statementMap":{"0":{"start":{"line":3,"column":0},"end":{"line":3,"column":51}},"1":{"start":{"line":6,"column":33},"end":{"line":17,"column":1}},"2":{"start":{"line":8,"column":17},"end":{"line":8,"column":38}},"3":{"start":{"line":9,"column":4},"end":{"line":11,"column":5}},"4":{"start":{"line":10,"column":8},"end":{"line":10,"column":null}},"5":{"start":{"line":14,"column":4},"end":{"line":14,"column":null}},"6":{"start":{"line":16,"column":4},"end":{"line":16,"column":11}},"7":{"start":{"line":6,"column":13},"end":{"line":6,"column":33}}},"fnMap":{"0":{"name":"(anonymous_0)","decl":{"start":{"line":6,"column":33},"end":{"line":6,"column":34}},"loc":{"start":{"line":6,"column":88},"end":{"line":17,"column":1}}}},"branchMap":{"0":{"loc":{"start":{"line":9,"column":4},"end":{"line":11,"column":5}},"type":"if","locations":[{"start":{"line":9,"column":4},"end":{"line":11,"column":5}}]}},"s":{"0":2,"1":2,"2":18,"3":18,"4":9,"5":9,"6":9,"7":2},"f":{"0":18},"b":{"0":[9]}}
,"C:\\React\\TypeScript\\FullStack-RestAPI\\rest_api\\src\\models\\Product.model.ts": {"path":"C:\\React\\TypeScript\\FullStack-RestAPI\\rest_api\\src\\models\\Product.model.ts","statementMap":{"0":{"start":{"line":1,"column":0},"end":{"line":1,"column":76}},"1":{"start":{"line":7,"column":0},"end":{"line":26,"column":null}},"2":{"start":{"line":13,"column":12},"end":{"line":13,"column":null}},"3":{"start":{"line":18,"column":12},"end":{"line":18,"column":null}},"4":{"start":{"line":24,"column":12},"end":{"line":24,"column":null}},"5":{"start":{"line":7,"column":6},"end":{"line":26,"column":null}},"6":{"start":{"line":28,"column":0},"end":{"line":28,"column":null}}},"fnMap":{},"branchMap":{},"s":{"0":3,"1":3,"2":3,"3":3,"4":3,"5":3,"6":3},"f":{},"b":{}}
}
