TN:
SF:src\routes.ts
FN:31,(anonymous_0)
FN:50,(anonymous_1)
FNF:2
FNH:2
FNDA:4,(anonymous_0)
FNDA:5,(anonymous_1)
DA:1,2
DA:2,2
DA:3,2
DA:4,2
DA:6,2
DA:9,2
DA:12,2
DA:23,2
DA:31,4
DA:40,2
DA:50,5
DA:60,2
DA:66,2
DA:71,2
LF:14
LH:14
BRF:0
BRH:0
end_of_record
TN:
SF:src\server.ts
FN:7,conectDB
FN:29,(anonymous_2)
FNF:2
FNH:2
FNDA:3,conectDB
FNDA:1,(anonymous_2)
DA:1,2
DA:2,2
DA:3,2
DA:4,2
DA:7,2
DA:9,3
DA:10,3
DA:11,2
DA:14,1
DA:15,1
DA:19,2
DA:22,2
DA:25,2
DA:27,2
DA:29,2
DA:30,1
DA:34,2
LF:17
LH:17
BRF:0
BRH:0
end_of_record
TN:
SF:src\config\db.ts
FNF:0
FNH:0
DA:1,2
DA:2,2
DA:3,2
DA:7,2
DA:13,2
LF:5
LH:5
BRF:0
BRH:0
end_of_record
TN:
SF:src\handlers\product.ts
FN:5,(anonymous_1)
FN:13,(anonymous_2)
FN:29,(anonymous_3)
FN:42,(anonymous_4)
FN:61,(anonymous_5)
FN:79,(anonymous_6)
FNF:6
FNH:6
FNDA:2,(anonymous_1)
FNDA:2,(anonymous_2)
FNDA:1,(anonymous_3)
FNDA:2,(anonymous_4)
FNDA:2,(anonymous_5)
FNDA:2,(anonymous_6)
DA:2,2
DA:5,2
DA:8,2
DA:9,2
DA:13,2
DA:14,2
DA:15,2
DA:19,2
DA:20,1
DA:25,1
DA:29,2
DA:31,1
DA:32,1
DA:33,1
DA:42,2
DA:44,2
DA:45,2
DA:47,2
DA:48,1
DA:54,1
DA:55,1
DA:57,1
DA:61,2
DA:64,2
DA:65,2
DA:67,2
DA:68,1
DA:74,1
DA:75,1
DA:76,1
DA:79,2
DA:81,2
DA:82,2
DA:84,2
DA:85,1
DA:90,1
DA:91,1
LF:37
LH:37
BRDA:19,0,0,1
BRDA:47,1,0,1
BRDA:67,2,0,1
BRDA:84,3,0,1
BRF:4
BRH:4
end_of_record
TN:
SF:src\middleware\index.ts
FN:6,(anonymous_0)
FNF:1
FNH:1
FNDA:18,(anonymous_0)
DA:3,2
DA:6,2
DA:8,18
DA:9,18
DA:10,9
DA:14,9
DA:16,9
LF:7
LH:7
BRDA:9,0,0,9
BRF:1
BRH:1
end_of_record
TN:
SF:src\models\Product.model.ts
FNF:0
FNH:0
DA:1,3
DA:7,3
DA:13,3
DA:18,3
DA:24,3
DA:28,3
LF:6
LH:6
BRF:0
BRH:0
end_of_record
